2023-07-03 17:00:14,916 [Worker-5: Loading available Gradle versions] INFO  o.e.b.c.i.u.g.PublishedGradleVersions - Gradle version information cache is up-to-date. Trying to read.
2023-07-03 17:00:35,474 [Worker-3: Building] INFO  o.e.m.c.i.l.LifecycleMappingFactory - Using org.eclipse.m2e.jdt.JarLifecycleMapping lifecycle mapping for MavenProject: JSONExample:JSONExample:0.0.1-SNAPSHOT @ /home/seq_mithun/Desktop/Json/pom.xml.
2023-07-03 17:00:36,790 [Worker-3: Building] WARN  o.e.m.c.i.embedder.EclipseLogger - Using platform encoding (UTF-8 actually) to copy filtered resources, i.e. build is platform dependent!
2023-07-03 17:00:36,792 [Worker-3: Building] INFO  o.e.m.c.i.embedder.EclipseLogger - skip non existing resourceDirectory /home/seq_mithun/Desktop/Json/src/main/resources
2023-07-03 17:00:36,799 [Worker-3: Building] WARN  o.e.m.c.i.embedder.EclipseLogger - Using platform encoding (UTF-8 actually) to copy filtered resources, i.e. build is platform dependent!
2023-07-03 17:00:36,801 [Worker-3: Building] INFO  o.e.m.c.i.embedder.EclipseLogger - skip non existing resourceDirectory /home/seq_mithun/Desktop/Json/src/test/resources
2023-07-03 17:00:38,090 [Worker-0: Building] WARN  o.e.m.c.i.embedder.EclipseLogger - Using platform encoding (UTF-8 actually) to copy filtered resources, i.e. build is platform dependent!
2023-07-03 17:00:38,091 [Worker-0: Building] INFO  o.e.m.c.i.embedder.EclipseLogger - skip non existing resourceDirectory /home/seq_mithun/Desktop/Json/src/main/resources
2023-07-03 17:00:38,095 [Worker-0: Building] WARN  o.e.m.c.i.embedder.EclipseLogger - Using platform encoding (UTF-8 actually) to copy filtered resources, i.e. build is platform dependent!
2023-07-03 17:00:38,095 [Worker-0: Building] INFO  o.e.m.c.i.embedder.EclipseLogger - skip non existing resourceDirectory /home/seq_mithun/Desktop/Json/src/test/resources
2023-07-03 17:00:39,254 [Worker-14: Building] WARN  o.e.m.c.i.embedder.EclipseLogger - Using platform encoding (UTF-8 actually) to copy filtered resources, i.e. build is platform dependent!
2023-07-03 17:00:39,255 [Worker-14: Building] INFO  o.e.m.c.i.embedder.EclipseLogger - skip non existing resourceDirectory /home/seq_mithun/Desktop/Json/src/main/resources
2023-07-03 17:00:39,258 [Worker-14: Building] WARN  o.e.m.c.i.embedder.EclipseLogger - Using platform encoding (UTF-8 actually) to copy filtered resources, i.e. build is platform dependent!
2023-07-03 17:00:39,259 [Worker-14: Building] INFO  o.e.m.c.i.embedder.EclipseLogger - skip non existing resourceDirectory /home/seq_mithun/Desktop/Json/src/test/resources
2023-07-03 17:39:25,329 [Worker-19: Building] INFO  o.e.m.c.i.l.LifecycleMappingFactory - Using org.eclipse.m2e.jdt.JarLifecycleMapping lifecycle mapping for MavenProject: JSONExample:JSONExample:0.0.1-SNAPSHOT @ /home/seq_mithun/Desktop/Json/pom.xml.
2023-07-03 17:39:25,546 [Worker-19: Building] WARN  o.e.m.c.i.embedder.EclipseLogger - Using platform encoding (UTF-8 actually) to copy filtered resources, i.e. build is platform dependent!
2023-07-03 17:39:25,547 [Worker-19: Building] INFO  o.e.m.c.i.embedder.EclipseLogger - skip non existing resourceDirectory /home/seq_mithun/Desktop/Json/src/main/resources
2023-07-03 17:39:25,552 [Worker-19: Building] WARN  o.e.m.c.i.embedder.EclipseLogger - Using platform encoding (UTF-8 actually) to copy filtered resources, i.e. build is platform dependent!
2023-07-03 17:39:25,553 [Worker-19: Building] INFO  o.e.m.c.i.embedder.EclipseLogger - skip non existing resourceDirectory /home/seq_mithun/Desktop/Json/src/test/resources
2023-07-03 17:39:42,871 [Worker-3: Loading available Gradle versions] INFO  o.e.b.c.i.u.g.PublishedGradleVersions - Gradle version information cache is up-to-date. Trying to read.
2023-07-03 17:39:48,079 [Worker-7: Building] WARN  o.e.m.c.i.embedder.EclipseLogger - Using platform encoding (UTF-8 actually) to copy filtered resources, i.e. build is platform dependent!
2023-07-03 17:39:48,083 [Worker-7: Building] INFO  o.e.m.c.i.embedder.EclipseLogger - skip non existing resourceDirectory /home/seq_mithun/Desktop/Json/src/main/resources
2023-07-03 17:39:48,109 [Worker-7: Building] WARN  o.e.m.c.i.embedder.EclipseLogger - Using platform encoding (UTF-8 actually) to copy filtered resources, i.e. build is platform dependent!
2023-07-03 17:39:48,109 [Worker-7: Building] INFO  o.e.m.c.i.embedder.EclipseLogger - skip non existing resourceDirectory /home/seq_mithun/Desktop/Json/src/test/resources
2023-07-03 17:39:50,233 [Worker-8: Building] INFO  o.e.m.c.i.l.LifecycleMappingFactory - Using org.eclipse.m2e.jdt.JarLifecycleMapping lifecycle mapping for MavenProject: JSONExample:JSONExample:0.0.1-SNAPSHOT @ /home/seq_mithun/Desktop/Json/pom.xml.
2023-07-03 17:39:50,421 [Worker-8: Building] WARN  o.e.m.c.i.embedder.EclipseLogger - Using platform encoding (UTF-8 actually) to copy filtered resources, i.e. build is platform dependent!
2023-07-03 17:39:50,434 [Worker-8: Building] INFO  o.e.m.c.i.embedder.EclipseLogger - skip non existing resourceDirectory /home/seq_mithun/Desktop/Json/src/main/resources
2023-07-03 17:39:50,439 [Worker-8: Building] WARN  o.e.m.c.i.embedder.EclipseLogger - Using platform encoding (UTF-8 actually) to copy filtered resources, i.e. build is platform dependent!
2023-07-03 17:39:50,449 [Worker-8: Building] INFO  o.e.m.c.i.embedder.EclipseLogger - skip non existing resourceDirectory /home/seq_mithun/Desktop/Json/src/test/resources
2023-07-03 17:41:55,534 [Worker-17: Building] INFO  o.e.m.c.i.l.LifecycleMappingFactory - Using org.eclipse.m2e.jdt.JarLifecycleMapping lifecycle mapping for MavenProject: JSONExample:JSONExample:0.0.1-SNAPSHOT @ /home/seq_mithun/Desktop/Json/pom.xml.
2023-07-03 17:41:55,723 [Worker-17: Building] WARN  o.e.m.c.i.embedder.EclipseLogger - Using platform encoding (UTF-8 actually) to copy filtered resources, i.e. build is platform dependent!
2023-07-03 17:41:55,723 [Worker-17: Building] INFO  o.e.m.c.i.embedder.EclipseLogger - skip non existing resourceDirectory /home/seq_mithun/Desktop/Json/src/main/resources
2023-07-03 17:41:55,728 [Worker-17: Building] WARN  o.e.m.c.i.embedder.EclipseLogger - Using platform encoding (UTF-8 actually) to copy filtered resources, i.e. build is platform dependent!
2023-07-03 17:41:55,729 [Worker-17: Building] INFO  o.e.m.c.i.embedder.EclipseLogger - skip non existing resourceDirectory /home/seq_mithun/Desktop/Json/src/test/resources
2023-07-03 17:46:51,164 [Worker-21: Building] INFO  o.e.m.c.i.l.LifecycleMappingFactory - Using org.eclipse.m2e.jdt.JarLifecycleMapping lifecycle mapping for MavenProject: JSONExample:JSONExample:0.0.1-SNAPSHOT @ /home/seq_mithun/Desktop/Json/pom.xml.
2023-07-03 17:46:51,322 [Worker-21: Building] WARN  o.e.m.c.i.embedder.EclipseLogger - Using platform encoding (UTF-8 actually) to copy filtered resources, i.e. build is platform dependent!
2023-07-03 17:46:51,323 [Worker-21: Building] INFO  o.e.m.c.i.embedder.EclipseLogger - skip non existing resourceDirectory /home/seq_mithun/Desktop/Json/src/main/resources
2023-07-03 17:46:51,329 [Worker-21: Building] WARN  o.e.m.c.i.embedder.EclipseLogger - Using platform encoding (UTF-8 actually) to copy filtered resources, i.e. build is platform dependent!
2023-07-03 17:46:51,329 [Worker-21: Building] INFO  o.e.m.c.i.embedder.EclipseLogger - skip non existing resourceDirectory /home/seq_mithun/Desktop/Json/src/test/resources
2023-07-03 17:52:07,625 [Worker-19: Building] INFO  o.e.m.c.i.l.LifecycleMappingFactory - Using org.eclipse.m2e.jdt.JarLifecycleMapping lifecycle mapping for MavenProject: JSONExample:JSONExample:0.0.1-SNAPSHOT @ /home/seq_mithun/Desktop/Json/pom.xml.
2023-07-03 17:52:07,830 [Worker-19: Building] WARN  o.e.m.c.i.embedder.EclipseLogger - Using platform encoding (UTF-8 actually) to copy filtered resources, i.e. build is platform dependent!
2023-07-03 17:52:07,831 [Worker-19: Building] INFO  o.e.m.c.i.embedder.EclipseLogger - skip non existing resourceDirectory /home/seq_mithun/Desktop/Json/src/main/resources
2023-07-03 17:52:07,835 [Worker-19: Building] WARN  o.e.m.c.i.embedder.EclipseLogger - Using platform encoding (UTF-8 actually) to copy filtered resources, i.e. build is platform dependent!
2023-07-03 17:52:07,835 [Worker-19: Building] INFO  o.e.m.c.i.embedder.EclipseLogger - skip non existing resourceDirectory /home/seq_mithun/Desktop/Json/src/test/resources
2023-07-03 18:40:58,989 [Worker-30: Launching Executing clean in _home_seq_mithun_Desktop_Json] INFO  o.eclipse.m2e.core.internal.Bundles - getClasspathEntries(Bundle=org.eclipse.m2e.maven.runtime_3.8.604.20221130-2149 [264])
2023-07-03 18:40:58,991 [Worker-30: Launching Executing clean in _home_seq_mithun_Desktop_Json] INFO  o.eclipse.m2e.core.internal.Bundles - 	Entry: /snap/eclipse/67/plugins/org.eclipse.m2e.maven.runtime_3.8.604.20221130-2149
2023-07-03 18:40:58,992 [Worker-30: Launching Executing clean in _home_seq_mithun_Desktop_Json] INFO  o.eclipse.m2e.core.internal.Bundles - 	Entry: /snap/eclipse/67/plugins/org.eclipse.m2e.maven.runtime_3.8.604.20221130-2149/jars/aether-connector-okhttp-0.17.8.jar
2023-07-03 18:40:58,992 [Worker-30: Launching Executing clean in _home_seq_mithun_Desktop_Json] INFO  o.eclipse.m2e.core.internal.Bundles - 	Entry: /snap/eclipse/67/plugins/org.eclipse.m2e.maven.runtime_3.8.604.20221130-2149/jars/commons-cli-1.4.jar
2023-07-03 18:40:58,992 [Worker-30: Launching Executing clean in _home_seq_mithun_Desktop_Json] INFO  o.eclipse.m2e.core.internal.Bundles - 	Entry: /snap/eclipse/67/plugins/org.eclipse.m2e.maven.runtime_3.8.604.20221130-2149/jars/commons-io-2.6.jar
2023-07-03 18:40:58,992 [Worker-30: Launching Executing clean in _home_seq_mithun_Desktop_Json] INFO  o.eclipse.m2e.core.internal.Bundles - 	Entry: /snap/eclipse/67/plugins/org.eclipse.m2e.maven.runtime_3.8.604.20221130-2149/jars/commons-lang3-3.8.1.jar
2023-07-03 18:40:58,992 [Worker-30: Launching Executing clean in _home_seq_mithun_Desktop_Json] INFO  o.eclipse.m2e.core.internal.Bundles - 	Entry: /snap/eclipse/67/plugins/org.eclipse.m2e.maven.runtime_3.8.604.20221130-2149/jars/guice-4.2.2-no_aop.jar
2023-07-03 18:40:58,992 [Worker-30: Launching Executing clean in _home_seq_mithun_Desktop_Json] INFO  o.eclipse.m2e.core.internal.Bundles - 	Entry: /snap/eclipse/67/plugins/org.eclipse.m2e.maven.runtime_3.8.604.20221130-2149/jars/jansi-2.4.0.jar
2023-07-03 18:40:58,992 [Worker-30: Launching Executing clean in _home_seq_mithun_Desktop_Json] INFO  o.eclipse.m2e.core.internal.Bundles - 	Entry: /snap/eclipse/67/plugins/org.eclipse.m2e.maven.runtime_3.8.604.20221130-2149/jars/maven-artifact-3.8.6.jar
2023-07-03 18:40:58,992 [Worker-30: Launching Executing clean in _home_seq_mithun_Desktop_Json] INFO  o.eclipse.m2e.core.internal.Bundles - 	Entry: /snap/eclipse/67/plugins/org.eclipse.m2e.maven.runtime_3.8.604.20221130-2149/jars/maven-builder-support-3.8.6.jar
2023-07-03 18:40:58,992 [Worker-30: Launching Executing clean in _home_seq_mithun_Desktop_Json] INFO  o.eclipse.m2e.core.internal.Bundles - 	Entry: /snap/eclipse/67/plugins/org.eclipse.m2e.maven.runtime_3.8.604.20221130-2149/jars/maven-compat-3.8.6.jar
2023-07-03 18:40:58,992 [Worker-30: Launching Executing clean in _home_seq_mithun_Desktop_Json] INFO  o.eclipse.m2e.core.internal.Bundles - 	Entry: /snap/eclipse/67/plugins/org.eclipse.m2e.maven.runtime_3.8.604.20221130-2149/jars/maven-core-3.8.6.jar
2023-07-03 18:40:58,992 [Worker-30: Launching Executing clean in _home_seq_mithun_Desktop_Json] INFO  o.eclipse.m2e.core.internal.Bundles - 	Entry: /snap/eclipse/67/plugins/org.eclipse.m2e.maven.runtime_3.8.604.20221130-2149/jars/maven-embedder-3.8.6.jar
2023-07-03 18:40:58,992 [Worker-30: Launching Executing clean in _home_seq_mithun_Desktop_Json] INFO  o.eclipse.m2e.core.internal.Bundles - 	Entry: /snap/eclipse/67/plugins/org.eclipse.m2e.maven.runtime_3.8.604.20221130-2149/jars/maven-model-3.8.6.jar
2023-07-03 18:40:58,992 [Worker-30: Launching Executing clean in _home_seq_mithun_Desktop_Json] INFO  o.eclipse.m2e.core.internal.Bundles - 	Entry: /snap/eclipse/67/plugins/org.eclipse.m2e.maven.runtime_3.8.604.20221130-2149/jars/maven-model-builder-3.8.6.jar
2023-07-03 18:40:58,992 [Worker-30: Launching Executing clean in _home_seq_mithun_Desktop_Json] INFO  o.eclipse.m2e.core.internal.Bundles - 	Entry: /snap/eclipse/67/plugins/org.eclipse.m2e.maven.runtime_3.8.604.20221130-2149/jars/maven-plugin-api-3.8.6.jar
2023-07-03 18:40:58,993 [Worker-30: Launching Executing clean in _home_seq_mithun_Desktop_Json] INFO  o.eclipse.m2e.core.internal.Bundles - 	Entry: /snap/eclipse/67/plugins/org.eclipse.m2e.maven.runtime_3.8.604.20221130-2149/jars/maven-repository-metadata-3.8.6.jar
2023-07-03 18:40:58,993 [Worker-30: Launching Executing clean in _home_seq_mithun_Desktop_Json] INFO  o.eclipse.m2e.core.internal.Bundles - 	Entry: /snap/eclipse/67/plugins/org.eclipse.m2e.maven.runtime_3.8.604.20221130-2149/jars/maven-resolver-api-1.6.3.jar
2023-07-03 18:40:58,993 [Worker-30: Launching Executing clean in _home_seq_mithun_Desktop_Json] INFO  o.eclipse.m2e.core.internal.Bundles - 	Entry: /snap/eclipse/67/plugins/org.eclipse.m2e.maven.runtime_3.8.604.20221130-2149/jars/maven-resolver-connector-basic-1.6.3.jar
2023-07-03 18:40:58,993 [Worker-30: Launching Executing clean in _home_seq_mithun_Desktop_Json] INFO  o.eclipse.m2e.core.internal.Bundles - 	Entry: /snap/eclipse/67/plugins/org.eclipse.m2e.maven.runtime_3.8.604.20221130-2149/jars/maven-resolver-impl-1.6.3.jar
2023-07-03 18:40:58,993 [Worker-30: Launching Executing clean in _home_seq_mithun_Desktop_Json] INFO  o.eclipse.m2e.core.internal.Bundles - 	Entry: /snap/eclipse/67/plugins/org.eclipse.m2e.maven.runtime_3.8.604.20221130-2149/jars/maven-resolver-provider-3.8.6.jar
2023-07-03 18:40:58,993 [Worker-30: Launching Executing clean in _home_seq_mithun_Desktop_Json] INFO  o.eclipse.m2e.core.internal.Bundles - 	Entry: /snap/eclipse/67/plugins/org.eclipse.m2e.maven.runtime_3.8.604.20221130-2149/jars/maven-resolver-spi-1.6.3.jar
2023-07-03 18:40:58,993 [Worker-30: Launching Executing clean in _home_seq_mithun_Desktop_Json] INFO  o.eclipse.m2e.core.internal.Bundles - 	Entry: /snap/eclipse/67/plugins/org.eclipse.m2e.maven.runtime_3.8.604.20221130-2149/jars/maven-resolver-transport-wagon-1.6.3.jar
2023-07-03 18:40:58,993 [Worker-30: Launching Executing clean in _home_seq_mithun_Desktop_Json] INFO  o.eclipse.m2e.core.internal.Bundles - 	Entry: /snap/eclipse/67/plugins/org.eclipse.m2e.maven.runtime_3.8.604.20221130-2149/jars/maven-resolver-util-1.6.3.jar
2023-07-03 18:40:58,993 [Worker-30: Launching Executing clean in _home_seq_mithun_Desktop_Json] INFO  o.eclipse.m2e.core.internal.Bundles - 	Entry: /snap/eclipse/67/plugins/org.eclipse.m2e.maven.runtime_3.8.604.20221130-2149/jars/maven-settings-3.8.6.jar
2023-07-03 18:40:58,993 [Worker-30: Launching Executing clean in _home_seq_mithun_Desktop_Json] INFO  o.eclipse.m2e.core.internal.Bundles - 	Entry: /snap/eclipse/67/plugins/org.eclipse.m2e.maven.runtime_3.8.604.20221130-2149/jars/maven-settings-builder-3.8.6.jar
2023-07-03 18:40:58,993 [Worker-30: Launching Executing clean in _home_seq_mithun_Desktop_Json] INFO  o.eclipse.m2e.core.internal.Bundles - 	Entry: /snap/eclipse/67/plugins/org.eclipse.m2e.maven.runtime_3.8.604.20221130-2149/jars/maven-shared-utils-3.3.4.jar
2023-07-03 18:40:58,993 [Worker-30: Launching Executing clean in _home_seq_mithun_Desktop_Json] INFO  o.eclipse.m2e.core.internal.Bundles - 	Entry: /snap/eclipse/67/plugins/org.eclipse.m2e.maven.runtime_3.8.604.20221130-2149/jars/okhttp-3.14.1.jar
2023-07-03 18:40:58,993 [Worker-30: Launching Executing clean in _home_seq_mithun_Desktop_Json] INFO  o.eclipse.m2e.core.internal.Bundles - 	Entry: /snap/eclipse/67/plugins/org.eclipse.m2e.maven.runtime_3.8.604.20221130-2149/jars/okio-1.17.3.jar
2023-07-03 18:40:58,993 [Worker-30: Launching Executing clean in _home_seq_mithun_Desktop_Json] INFO  o.eclipse.m2e.core.internal.Bundles - 	Entry: /snap/eclipse/67/plugins/org.eclipse.m2e.maven.runtime_3.8.604.20221130-2149/jars/org.eclipse.sisu.inject-0.3.5.jar
2023-07-03 18:40:58,994 [Worker-30: Launching Executing clean in _home_seq_mithun_Desktop_Json] INFO  o.eclipse.m2e.core.internal.Bundles - 	Entry: /snap/eclipse/67/plugins/org.eclipse.m2e.maven.runtime_3.8.604.20221130-2149/jars/org.eclipse.sisu.plexus-0.3.5.jar
2023-07-03 18:40:58,994 [Worker-30: Launching Executing clean in _home_seq_mithun_Desktop_Json] INFO  o.eclipse.m2e.core.internal.Bundles - 	Entry: /snap/eclipse/67/plugins/org.eclipse.m2e.maven.runtime_3.8.604.20221130-2149/jars/plexus-build-api-0.0.7.jar
2023-07-03 18:40:58,994 [Worker-30: Launching Executing clean in _home_seq_mithun_Desktop_Json] INFO  o.eclipse.m2e.core.internal.Bundles - 	Entry: /snap/eclipse/67/plugins/org.eclipse.m2e.maven.runtime_3.8.604.20221130-2149/jars/plexus-cipher-2.0.jar
2023-07-03 18:40:58,994 [Worker-30: Launching Executing clean in _home_seq_mithun_Desktop_Json] INFO  o.eclipse.m2e.core.internal.Bundles - 	Entry: /snap/eclipse/67/plugins/org.eclipse.m2e.maven.runtime_3.8.604.20221130-2149/jars/plexus-classworlds-2.6.0.jar
2023-07-03 18:40:58,994 [Worker-30: Launching Executing clean in _home_seq_mithun_Desktop_Json] INFO  o.eclipse.m2e.core.internal.Bundles - 	Entry: /snap/eclipse/67/plugins/org.eclipse.m2e.maven.runtime_3.8.604.20221130-2149/jars/plexus-component-annotations-2.1.0.jar
2023-07-03 18:40:58,994 [Worker-30: Launching Executing clean in _home_seq_mithun_Desktop_Json] INFO  o.eclipse.m2e.core.internal.Bundles - 	Entry: /snap/eclipse/67/plugins/org.eclipse.m2e.maven.runtime_3.8.604.20221130-2149/jars/plexus-interpolation-1.26.jar
2023-07-03 18:40:58,994 [Worker-30: Launching Executing clean in _home_seq_mithun_Desktop_Json] INFO  o.eclipse.m2e.core.internal.Bundles - 	Entry: /snap/eclipse/67/plugins/org.eclipse.m2e.maven.runtime_3.8.604.20221130-2149/jars/plexus-sec-dispatcher-2.0.jar
2023-07-03 18:40:58,994 [Worker-30: Launching Executing clean in _home_seq_mithun_Desktop_Json] INFO  o.eclipse.m2e.core.internal.Bundles - 	Entry: /snap/eclipse/67/plugins/org.eclipse.m2e.maven.runtime_3.8.604.20221130-2149/jars/plexus-utils-3.3.1.jar
2023-07-03 18:40:58,994 [Worker-30: Launching Executing clean in _home_seq_mithun_Desktop_Json] INFO  o.eclipse.m2e.core.internal.Bundles - 	Entry: /snap/eclipse/67/plugins/org.eclipse.m2e.maven.runtime_3.8.604.20221130-2149/jars/wagon-file-3.5.1.jar
2023-07-03 18:40:58,994 [Worker-30: Launching Executing clean in _home_seq_mithun_Desktop_Json] INFO  o.eclipse.m2e.core.internal.Bundles - 	Entry: /snap/eclipse/67/plugins/org.eclipse.m2e.maven.runtime_3.8.604.20221130-2149/jars/wagon-provider-api-3.5.1.jar
2023-07-03 18:40:58,996 [Worker-30: Launching Executing clean in _home_seq_mithun_Desktop_Json] INFO  o.eclipse.m2e.core.internal.Bundles - getClasspathEntries(Bundle=com.google.guava_30.1.0.v20221112-0806 [8])
2023-07-03 18:40:58,997 [Worker-30: Launching Executing clean in _home_seq_mithun_Desktop_Json] INFO  o.eclipse.m2e.core.internal.Bundles - 	Entry: /snap/eclipse/67/plugins/com.google.guava_30.1.0.v20221112-0806.jar
2023-07-03 18:40:58,998 [Worker-30: Launching Executing clean in _home_seq_mithun_Desktop_Json] INFO  o.eclipse.m2e.core.internal.Bundles - getClasspathEntries(Bundle=slf4j.api_1.7.36 [426])
2023-07-03 18:40:58,998 [Worker-30: Launching Executing clean in _home_seq_mithun_Desktop_Json] INFO  o.eclipse.m2e.core.internal.Bundles - 	Entry: /snap/eclipse/67/plugins/slf4j.api_1.7.36.jar
2023-07-03 18:40:58,998 [Worker-30: Launching Executing clean in _home_seq_mithun_Desktop_Json] INFO  o.eclipse.m2e.core.internal.Bundles - getClasspathEntries(Bundle=javax.inject_1.0.0.v20220405-0441 [18])
2023-07-03 18:40:58,999 [Worker-30: Launching Executing clean in _home_seq_mithun_Desktop_Json] INFO  o.eclipse.m2e.core.internal.Bundles - 	Entry: /snap/eclipse/67/plugins/javax.inject_1.0.0.v20220405-0441.jar
2023-07-03 18:40:58,999 [Worker-30: Launching Executing clean in _home_seq_mithun_Desktop_Json] INFO  o.eclipse.m2e.core.internal.Bundles - getClasspathEntries(Bundle=javax.annotation_1.3.5.v20221112-0806 [16])
2023-07-03 18:40:58,999 [Worker-30: Launching Executing clean in _home_seq_mithun_Desktop_Json] INFO  o.eclipse.m2e.core.internal.Bundles - 	Entry: /snap/eclipse/67/plugins/javax.annotation_1.3.5.v20221112-0806.jar
2023-07-03 18:40:59,005 [Worker-30: Launching Executing clean in _home_seq_mithun_Desktop_Json] INFO  o.e.m.i.launch.MavenLaunchDelegate - Run build in "/home/seq_mithun/Desktop/Json":
2023-07-03 18:40:59,008 [Worker-30: Launching Executing clean in _home_seq_mithun_Desktop_Json] INFO  o.e.m.i.launch.MavenLaunchDelegate -  mvn  -B -Dstyle.color=always clean
2023-07-03 18:41:01,993 [Worker-31: Building] WARN  o.e.m.c.i.embedder.EclipseLogger - Using platform encoding (UTF-8 actually) to copy filtered resources, i.e. build is platform dependent!
2023-07-03 18:41:01,994 [Worker-31: Building] INFO  o.e.m.c.i.embedder.EclipseLogger - skip non existing resourceDirectory /home/seq_mithun/Desktop/Json/src/main/resources
2023-07-03 18:41:02,003 [Worker-31: Building] WARN  o.e.m.c.i.embedder.EclipseLogger - Using platform encoding (UTF-8 actually) to copy filtered resources, i.e. build is platform dependent!
2023-07-03 18:41:02,004 [Worker-31: Building] INFO  o.e.m.c.i.embedder.EclipseLogger - skip non existing resourceDirectory /home/seq_mithun/Desktop/Json/src/test/resources
2023-07-03 18:41:03,101 [Worker-27: Building] WARN  o.e.m.c.i.embedder.EclipseLogger - Using platform encoding (UTF-8 actually) to copy filtered resources, i.e. build is platform dependent!
2023-07-03 18:41:03,102 [Worker-27: Building] INFO  o.e.m.c.i.embedder.EclipseLogger - skip non existing resourceDirectory /home/seq_mithun/Desktop/Json/src/main/resources
2023-07-03 18:41:03,108 [Worker-27: Building] WARN  o.e.m.c.i.embedder.EclipseLogger - Using platform encoding (UTF-8 actually) to copy filtered resources, i.e. build is platform dependent!
2023-07-03 18:41:03,109 [Worker-27: Building] INFO  o.e.m.c.i.embedder.EclipseLogger - skip non existing resourceDirectory /home/seq_mithun/Desktop/Json/src/test/resources
2023-07-03 18:41:08,721 [main] INFO  o.e.m2e.actions.ExecutePomAction - Creating new launch configuration
2023-07-03 18:41:19,534 [Worker-31: Launching Json] INFO  o.e.m.i.launch.MavenLaunchDelegate - Run build in "/home/seq_mithun/Desktop/Json":
2023-07-03 18:41:19,534 [Worker-31: Launching Json] INFO  o.e.m.i.launch.MavenLaunchDelegate -  mvn  -B -Dstyle.color=always clean install
2023-07-03 18:42:09,938 [Worker-27: Building] WARN  o.e.m.c.i.embedder.EclipseLogger - Using platform encoding (UTF-8 actually) to copy filtered resources, i.e. build is platform dependent!
2023-07-03 18:42:09,938 [Worker-27: Building] INFO  o.e.m.c.i.embedder.EclipseLogger - skip non existing resourceDirectory /home/seq_mithun/Desktop/Json/src/main/resources
2023-07-03 18:42:09,941 [Worker-27: Building] WARN  o.e.m.c.i.embedder.EclipseLogger - Using platform encoding (UTF-8 actually) to copy filtered resources, i.e. build is platform dependent!
2023-07-03 18:42:09,942 [Worker-27: Building] INFO  o.e.m.c.i.embedder.EclipseLogger - skip non existing resourceDirectory /home/seq_mithun/Desktop/Json/src/test/resources
2023-07-04 09:50:20,520 [Worker-35: Launching MyJSonProject] WARN  o.e.m.c.i.embedder.EclipseLogger - Using platform encoding (UTF-8 actually) to copy filtered resources, i.e. build is platform dependent!
2023-07-04 09:50:20,521 [Worker-35: Launching MyJSonProject] INFO  o.e.m.c.i.embedder.EclipseLogger - skip non existing resourceDirectory /home/seq_mithun/Desktop/Json/src/main/resources
2023-07-04 09:50:20,538 [Worker-35: Launching MyJSonProject] WARN  o.e.m.c.i.embedder.EclipseLogger - Using platform encoding (UTF-8 actually) to copy filtered resources, i.e. build is platform dependent!
2023-07-04 09:50:20,539 [Worker-35: Launching MyJSonProject] INFO  o.e.m.c.i.embedder.EclipseLogger - skip non existing resourceDirectory /home/seq_mithun/Desktop/Json/src/test/resources
2023-07-04 09:50:20,720 [Worker-36: Building] WARN  o.e.m.c.i.embedder.EclipseLogger - Using platform encoding (UTF-8 actually) to copy filtered resources, i.e. build is platform dependent!
2023-07-04 09:50:20,720 [Worker-36: Building] INFO  o.e.m.c.i.embedder.EclipseLogger - skip non existing resourceDirectory /home/seq_mithun/Desktop/Json/src/main/resources
2023-07-04 09:50:20,728 [Worker-36: Building] WARN  o.e.m.c.i.embedder.EclipseLogger - Using platform encoding (UTF-8 actually) to copy filtered resources, i.e. build is platform dependent!
2023-07-04 09:50:20,729 [Worker-36: Building] INFO  o.e.m.c.i.embedder.EclipseLogger - skip non existing resourceDirectory /home/seq_mithun/Desktop/Json/src/test/resources
2023-07-04 09:51:18,663 [Worker-36: Launching MyJSonProject] WARN  o.e.m.c.i.embedder.EclipseLogger - Using platform encoding (UTF-8 actually) to copy filtered resources, i.e. build is platform dependent!
2023-07-04 09:51:18,664 [Worker-36: Launching MyJSonProject] INFO  o.e.m.c.i.embedder.EclipseLogger - skip non existing resourceDirectory /home/seq_mithun/Desktop/Json/src/main/resources
2023-07-04 09:51:18,669 [Worker-36: Launching MyJSonProject] WARN  o.e.m.c.i.embedder.EclipseLogger - Using platform encoding (UTF-8 actually) to copy filtered resources, i.e. build is platform dependent!
2023-07-04 09:51:18,669 [Worker-36: Launching MyJSonProject] INFO  o.e.m.c.i.embedder.EclipseLogger - skip non existing resourceDirectory /home/seq_mithun/Desktop/Json/src/test/resources
